Started GET "/" for ::1 at 2022-04-20 15:13:50 -0500
Processing by Rails::WelcomeController#index as HTML
  Rendering /home/tc8ap/.rbenv/versions/2.7.5/lib/ruby/gems/2.7.0/gems/railties-6.1.5/lib/rails/templates/rails/welcome/index.html.erb
  Rendered /home/tc8ap/.rbenv/versions/2.7.5/lib/ruby/gems/2.7.0/gems/railties-6.1.5/lib/rails/templates/rails/welcome/index.html.erb (Duration: 6.4ms | Allocations: 289)
Completed 200 OK in 16ms (Views: 9.0ms | ActiveRecord: 0.0ms | Allocations: 2386)


Started GET "/welcome/index" for ::1 at 2022-04-20 15:15:50 -0500
Processing by WelcomeController#index as HTML
  Rendering layout layouts/application.html.erb
  Rendering welcome/index.html.erb within layouts/application
  Rendered welcome/index.html.erb within layouts/application (Duration: 0.5ms | Allocations: 70)
[Webpacker] Compiling...
[Webpacker] Compiled all packs in /home/tc8ap/RailsReview/blog/public/packs
[Webpacker] Hash: 2034dd941d5476d8645c
Version: webpack 4.46.0
Time: 1489ms
Built at: 04/20/2022 3:15:53 PM
                                     Asset       Size       Chunks                         Chunk Names
    js/application-3dd0dc24d9c39bc09227.js    125 KiB  application  [emitted] [immutable]  application
js/application-3dd0dc24d9c39bc09227.js.map    139 KiB  application  [emitted] [dev]        application
                             manifest.json  364 bytes               [emitted]              
Entrypoint application = js/application-3dd0dc24d9c39bc09227.js js/application-3dd0dc24d9c39bc09227.js.map
[./app/javascript/channels sync recursive _channel\.js$] ./app/javascript/channels sync _channel\.js$ 160 bytes {application} [built]
[./app/javascript/channels/index.js] 211 bytes {application} [built]
[./app/javascript/packs/application.js] 492 bytes {application} [built]
[./node_modules/webpack/buildin/module.js] (webpack)/buildin/module.js 552 bytes {application} [built]
    + 3 hidden modules

  Rendered layout layouts/application.html.erb (Duration: 3072.6ms | Allocations: 16328)
Completed 200 OK in 3075ms (Views: 3073.9ms | ActiveRecord: 0.0ms | Allocations: 17430)


Started GET "/" for ::1 at 2022-04-20 15:17:42 -0500
Processing by WelcomeController#index as HTML
  Rendering layout layouts/application.html.erb
  Rendering welcome/index.html.erb within layouts/application
  Rendered welcome/index.html.erb within layouts/application (Duration: 0.0ms | Allocations: 4)
[Webpacker] Everything's up-to-date. Nothing to do
  Rendered layout layouts/application.html.erb (Duration: 6.8ms | Allocations: 2918)
Completed 200 OK in 9ms (Views: 7.8ms | ActiveRecord: 0.0ms | Allocations: 3473)


Started GET "/" for ::1 at 2022-04-20 15:51:31 -0500
Processing by WelcomeController#index as HTML
  Rendering layout layouts/application.html.erb
  Rendering welcome/index.html.erb within layouts/application
  Rendered welcome/index.html.erb within layouts/application (Duration: 0.5ms | Allocations: 69)
[Webpacker] Everything's up-to-date. Nothing to do
  Rendered layout layouts/application.html.erb (Duration: 24.9ms | Allocations: 11139)
Completed 200 OK in 32ms (Views: 28.8ms | Allocations: 12280)


Started GET "/welcome/index" for ::1 at 2022-04-20 15:51:55 -0500
Processing by WelcomeController#index as HTML
  Rendering layout layouts/application.html.erb
  Rendering welcome/index.html.erb within layouts/application
  Rendered welcome/index.html.erb within layouts/application (Duration: 0.6ms | Allocations: 4)
[Webpacker] Everything's up-to-date. Nothing to do
  Rendered layout layouts/application.html.erb (Duration: 9.1ms | Allocations: 3005)
Completed 200 OK in 12ms (Views: 10.7ms | Allocations: 3431)


Started GET "/" for ::1 at 2022-04-20 15:52:04 -0500
Processing by WelcomeController#index as HTML
  Rendering layout layouts/application.html.erb
  Rendering welcome/index.html.erb within layouts/application
  Rendered welcome/index.html.erb within layouts/application (Duration: 0.1ms | Allocations: 4)
[Webpacker] Everything's up-to-date. Nothing to do
  Rendered layout layouts/application.html.erb (Duration: 9.6ms | Allocations: 2993)
Completed 200 OK in 13ms (Views: 11.4ms | Allocations: 3412)


Started GET "/articles/new" for ::1 at 2022-04-20 15:52:19 -0500
  
AbstractController::ActionNotFound (The action 'new' could not be found for ArticlesController):
  
actionpack (6.1.5) lib/abstract_controller/base.rb:160:in `process'
actionview (6.1.5) lib/action_view/rendering.rb:39:in `process'
actionpack (6.1.5) lib/action_controller/metal.rb:190:in `dispatch'
actionpack (6.1.5) lib/action_controller/metal.rb:254:in `dispatch'
actionpack (6.1.5) lib/action_dispatch/routing/route_set.rb:50:in `dispatch'
actionpack (6.1.5) lib/action_dispatch/routing/route_set.rb:33:in `serve'
actionpack (6.1.5) lib/action_dispatch/journey/router.rb:50:in `block in serve'
actionpack (6.1.5) lib/action_dispatch/journey/router.rb:32:in `each'
actionpack (6.1.5) lib/action_dispatch/journey/router.rb:32:in `serve'
actionpack (6.1.5) lib/action_dispatch/routing/route_set.rb:842:in `call'
rack (2.2.3) lib/rack/tempfile_reaper.rb:15:in `call'
rack (2.2.3) lib/rack/etag.rb:27:in `call'
rack (2.2.3) lib/rack/conditional_get.rb:27:in `call'
rack (2.2.3) lib/rack/head.rb:12:in `call'
actionpack (6.1.5) lib/action_dispatch/http/permissions_policy.rb:22:in `call'
actionpack (6.1.5) lib/action_dispatch/http/content_security_policy.rb:19:in `call'
rack (2.2.3) lib/rack/session/abstract/id.rb:266:in `context'
rack (2.2.3) lib/rack/session/abstract/id.rb:260:in `call'
actionpack (6.1.5) lib/action_dispatch/middleware/cookies.rb:689:in `call'
activerecord (6.1.5) lib/active_record/migration.rb:601:in `call'
actionpack (6.1.5) lib/action_dispatch/middleware/callbacks.rb:27:in `block in call'
activesupport (6.1.5) lib/active_support/callbacks.rb:98:in `run_callbacks'
actionpack (6.1.5) lib/action_dispatch/middleware/callbacks.rb:26:in `call'
actionpack (6.1.5) lib/action_dispatch/middleware/executor.rb:14:in `call'
actionpack (6.1.5) lib/action_dispatch/middleware/actionable_exceptions.rb:18:in `call'
actionpack (6.1.5) lib/action_dispatch/middleware/debug_exceptions.rb:29:in `call'
web-console (4.2.0) lib/web_console/middleware.rb:132:in `call_app'
web-console (4.2.0) lib/web_console/middleware.rb:28:in `block in call'
web-console (4.2.0) lib/web_console/middleware.rb:17:in `catch'
web-console (4.2.0) lib/web_console/middleware.rb:17:in `call'
actionpack (6.1.5) lib/action_dispatch/middleware/show_exceptions.rb:33:in `call'
railties (6.1.5) lib/rails/rack/logger.rb:37:in `call_app'
railties (6.1.5) lib/rails/rack/logger.rb:26:in `block in call'
activesupport (6.1.5) lib/active_support/tagged_logging.rb:99:in `block in tagged'
activesupport (6.1.5) lib/active_support/tagged_logging.rb:37:in `tagged'
activesupport (6.1.5) lib/active_support/tagged_logging.rb:99:in `tagged'
railties (6.1.5) lib/rails/rack/logger.rb:26:in `call'
sprockets-rails (3.4.2) lib/sprockets/rails/quiet_assets.rb:13:in `call'
actionpack (6.1.5) lib/action_dispatch/middleware/remote_ip.rb:81:in `call'
actionpack (6.1.5) lib/action_dispatch/middleware/request_id.rb:26:in `call'
rack (2.2.3) lib/rack/method_override.rb:24:in `call'
rack (2.2.3) lib/rack/runtime.rb:22:in `call'
activesupport (6.1.5) lib/active_support/cache/strategy/local_cache_middleware.rb:29:in `call'
actionpack (6.1.5) lib/action_dispatch/middleware/executor.rb:14:in `call'
actionpack (6.1.5) lib/action_dispatch/middleware/static.rb:24:in `call'
rack (2.2.3) lib/rack/sendfile.rb:110:in `call'
actionpack (6.1.5) lib/action_dispatch/middleware/host_authorization.rb:148:in `call'
webpacker (5.4.3) lib/webpacker/dev_server_proxy.rb:25:in `perform_request'
rack-proxy (0.7.2) lib/rack/proxy.rb:67:in `call'
railties (6.1.5) lib/rails/engine.rb:539:in `call'
puma (5.6.4) lib/puma/configuration.rb:252:in `call'
puma (5.6.4) lib/puma/request.rb:77:in `block in handle_request'
puma (5.6.4) lib/puma/thread_pool.rb:340:in `with_force_shutdown'
puma (5.6.4) lib/puma/request.rb:76:in `handle_request'
puma (5.6.4) lib/puma/server.rb:441:in `process_client'
puma (5.6.4) lib/puma/thread_pool.rb:147:in `block in spawn_thread'
Started GET "/articles/new" for ::1 at 2022-04-20 15:53:20 -0500
Processing by ArticlesController#new as HTML
Completed 406 Not Acceptable in 5ms (Allocations: 1913)


  
ActionController::MissingExactTemplate (ArticlesController#new is missing a template for request formats: text/html):
  
actionpack (6.1.5) lib/action_controller/metal/implicit_render.rb:45:in `default_render'
actionpack (6.1.5) lib/action_controller/metal/basic_implicit_render.rb:6:in `block in send_action'
actionpack (6.1.5) lib/action_controller/metal/basic_implicit_render.rb:6:in `tap'
actionpack (6.1.5) lib/action_controller/metal/basic_implicit_render.rb:6:in `send_action'
actionpack (6.1.5) lib/abstract_controller/base.rb:228:in `process_action'
actionpack (6.1.5) lib/action_controller/metal/rendering.rb:30:in `process_action'
actionpack (6.1.5) lib/abstract_controller/callbacks.rb:42:in `block in process_action'
activesupport (6.1.5) lib/active_support/callbacks.rb:117:in `block in run_callbacks'
actiontext (6.1.5) lib/action_text/rendering.rb:20:in `with_renderer'
actiontext (6.1.5) lib/action_text/engine.rb:59:in `block (4 levels) in <class:Engine>'
activesupport (6.1.5) lib/active_support/callbacks.rb:126:in `instance_exec'
activesupport (6.1.5) lib/active_support/callbacks.rb:126:in `block in run_callbacks'
activesupport (6.1.5) lib/active_support/callbacks.rb:137:in `run_callbacks'
actionpack (6.1.5) lib/abstract_controller/callbacks.rb:41:in `process_action'
actionpack (6.1.5) lib/action_controller/metal/rescue.rb:22:in `process_action'
actionpack (6.1.5) lib/action_controller/metal/instrumentation.rb:34:in `block in process_action'
activesupport (6.1.5) lib/active_support/notifications.rb:203:in `block in instrument'
activesupport (6.1.5) lib/active_support/notifications/instrumenter.rb:24:in `instrument'
activesupport (6.1.5) lib/active_support/notifications.rb:203:in `instrument'
actionpack (6.1.5) lib/action_controller/metal/instrumentation.rb:33:in `process_action'
actionpack (6.1.5) lib/action_controller/metal/params_wrapper.rb:249:in `process_action'
activerecord (6.1.5) lib/active_record/railties/controller_runtime.rb:27:in `process_action'
actionpack (6.1.5) lib/abstract_controller/base.rb:165:in `process'
actionview (6.1.5) lib/action_view/rendering.rb:39:in `process'
actionpack (6.1.5) lib/action_controller/metal.rb:190:in `dispatch'
actionpack (6.1.5) lib/action_controller/metal.rb:254:in `dispatch'
actionpack (6.1.5) lib/action_dispatch/routing/route_set.rb:50:in `dispatch'
actionpack (6.1.5) lib/action_dispatch/routing/route_set.rb:33:in `serve'
actionpack (6.1.5) lib/action_dispatch/journey/router.rb:50:in `block in serve'
actionpack (6.1.5) lib/action_dispatch/journey/router.rb:32:in `each'
actionpack (6.1.5) lib/action_dispatch/journey/router.rb:32:in `serve'
actionpack (6.1.5) lib/action_dispatch/routing/route_set.rb:842:in `call'
rack (2.2.3) lib/rack/tempfile_reaper.rb:15:in `call'
rack (2.2.3) lib/rack/etag.rb:27:in `call'
rack (2.2.3) lib/rack/conditional_get.rb:27:in `call'
rack (2.2.3) lib/rack/head.rb:12:in `call'
actionpack (6.1.5) lib/action_dispatch/http/permissions_policy.rb:22:in `call'
actionpack (6.1.5) lib/action_dispatch/http/content_security_policy.rb:19:in `call'
rack (2.2.3) lib/rack/session/abstract/id.rb:266:in `context'
rack (2.2.3) lib/rack/session/abstract/id.rb:260:in `call'
actionpack (6.1.5) lib/action_dispatch/middleware/cookies.rb:689:in `call'
activerecord (6.1.5) lib/active_record/migration.rb:601:in `call'
actionpack (6.1.5) lib/action_dispatch/middleware/callbacks.rb:27:in `block in call'
activesupport (6.1.5) lib/active_support/callbacks.rb:98:in `run_callbacks'
actionpack (6.1.5) lib/action_dispatch/middleware/callbacks.rb:26:in `call'
actionpack (6.1.5) lib/action_dispatch/middleware/executor.rb:14:in `call'
actionpack (6.1.5) lib/action_dispatch/middleware/actionable_exceptions.rb:18:in `call'
actionpack (6.1.5) lib/action_dispatch/middleware/debug_exceptions.rb:29:in `call'
web-console (4.2.0) lib/web_console/middleware.rb:132:in `call_app'
web-console (4.2.0) lib/web_console/middleware.rb:28:in `block in call'
web-console (4.2.0) lib/web_console/middleware.rb:17:in `catch'
web-console (4.2.0) lib/web_console/middleware.rb:17:in `call'
actionpack (6.1.5) lib/action_dispatch/middleware/show_exceptions.rb:33:in `call'
railties (6.1.5) lib/rails/rack/logger.rb:37:in `call_app'
railties (6.1.5) lib/rails/rack/logger.rb:26:in `block in call'
activesupport (6.1.5) lib/active_support/tagged_logging.rb:99:in `block in tagged'
activesupport (6.1.5) lib/active_support/tagged_logging.rb:37:in `tagged'
activesupport (6.1.5) lib/active_support/tagged_logging.rb:99:in `tagged'
railties (6.1.5) lib/rails/rack/logger.rb:26:in `call'
sprockets-rails (3.4.2) lib/sprockets/rails/quiet_assets.rb:13:in `call'
actionpack (6.1.5) lib/action_dispatch/middleware/remote_ip.rb:81:in `call'
actionpack (6.1.5) lib/action_dispatch/middleware/request_id.rb:26:in `call'
rack (2.2.3) lib/rack/method_override.rb:24:in `call'
rack (2.2.3) lib/rack/runtime.rb:22:in `call'
activesupport (6.1.5) lib/active_support/cache/strategy/local_cache_middleware.rb:29:in `call'
actionpack (6.1.5) lib/action_dispatch/middleware/executor.rb:14:in `call'
actionpack (6.1.5) lib/action_dispatch/middleware/static.rb:24:in `call'
rack (2.2.3) lib/rack/sendfile.rb:110:in `call'
actionpack (6.1.5) lib/action_dispatch/middleware/host_authorization.rb:148:in `call'
webpacker (5.4.3) lib/webpacker/dev_server_proxy.rb:25:in `perform_request'
rack-proxy (0.7.2) lib/rack/proxy.rb:67:in `call'
railties (6.1.5) lib/rails/engine.rb:539:in `call'
puma (5.6.4) lib/puma/configuration.rb:252:in `call'
puma (5.6.4) lib/puma/request.rb:77:in `block in handle_request'
puma (5.6.4) lib/puma/thread_pool.rb:340:in `with_force_shutdown'
puma (5.6.4) lib/puma/request.rb:76:in `handle_request'
puma (5.6.4) lib/puma/server.rb:441:in `process_client'
puma (5.6.4) lib/puma/thread_pool.rb:147:in `block in spawn_thread'
Started GET "/articles/new" for ::1 at 2022-04-20 15:57:17 -0500
Processing by ArticlesController#new as HTML
  Rendering layout layouts/application.html.erb
  Rendering articles/new.html.erb within layouts/application
  Rendered articles/new.html.erb within layouts/application (Duration: 0.3ms | Allocations: 70)
[Webpacker] Everything's up-to-date. Nothing to do
  Rendered layout layouts/application.html.erb (Duration: 10.9ms | Allocations: 3375)
Completed 200 OK in 16ms (Views: 13.8ms | Allocations: 4561)


Started GET "/articles/new" for ::1 at 2022-04-20 16:01:49 -0500
Processing by ArticlesController#new as HTML
  Rendering layout layouts/application.html.erb
  Rendering articles/new.html.erb within layouts/application
  Rendered articles/new.html.erb within layouts/application (Duration: 0.5ms | Allocations: 70)
[Webpacker] Everything's up-to-date. Nothing to do
  Rendered layout layouts/application.html.erb (Duration: 6.3ms | Allocations: 3232)
Completed 200 OK in 10ms (Views: 8.7ms | Allocations: 4363)


Started GET "/articles/new" for ::1 at 2022-04-20 16:06:49 -0500
Processing by ArticlesController#new as HTML
  Rendering layout layouts/application.html.erb
  Rendering articles/new.html.erb within layouts/application
  Rendered articles/new.html.erb within layouts/application (Duration: 1.6ms | Allocations: 1134)
  Rendered layout layouts/application.html.erb (Duration: 2.7ms | Allocations: 1199)
Completed 500 Internal Server Error in 7ms (Allocations: 2304)


  
ActionView::SyntaxErrorInTemplate (Encountered a syntax error while rendering template: check <h1>New Article</h1>
<%= form_for :article |f| %>
  <p>
    <%= f.label :title %><br>
    <%= f.text_field :title %>
  </p>

  <p>
    <%= f.label :text %><br>
    <%= f.text_area :text %>
  </p>

  <p>
    <%= f.submit %>
  </p>
<% end %>
):
1:    <h1>New Article</h1>
2:    <%= form_for :article |f| %>
3:      <p>
4:        <%= f.label :title %><br>
5:        <%= f.text_field :title %>
6:      </p>
7:    
8:      <p>
9:        <%= f.label :text %><br>
10:        <%= f.text_area :text %>
11:      </p>
12:    
13:      <p>
14:        <%= f.submit %>
15:      </p>
16:    <% end %>
  
app/views/articles/new.html.erb:2: syntax error, unexpected ')'
app/views/articles/new.html.erb:16: syntax error, unexpected `end', expecting ')'
app/views/articles/new.html.erb:18: syntax error, unexpected `end', expecting ')'
app/views/articles/new.html.erb:2: syntax error, unexpected ')'
app/views/articles/new.html.erb:16: syntax error, unexpected `end', expecting ')'
app/views/articles/new.html.erb:18: syntax error, unexpected `end', expecting ')'
app/views/articles/new.html.erb:2: syntax error, unexpected ')'
app/views/articles/new.html.erb:16: syntax error, unexpected `end', expecting ')'
app/views/articles/new.html.erb:18: syntax error, unexpected `end', expecting ')'
app/views/articles/new.html.erb:2: syntax error, unexpected ')'
app/views/articles/new.html.erb:16: syntax error, unexpected `end', expecting ')'
app/views/articles/new.html.erb:18: syntax error, unexpected `end', expecting ')'
app/views/articles/new.html.erb:2: syntax error, unexpected ')'
app/views/articles/new.html.erb:16: syntax error, unexpected `end', expecting ')'
app/views/articles/new.html.erb:18: syntax error, unexpected `end', expecting ')'
app/views/articles/new.html.erb:2: syntax error, unexpected ')'
app/views/articles/new.html.erb:16: syntax error, unexpected `end', expecting ')'
app/views/articles/new.html.erb:18: syntax error, unexpected `end', expecting ')'
Started GET "/articles/new" for ::1 at 2022-04-20 16:07:07 -0500
Processing by ArticlesController#new as HTML
  Rendering layout layouts/application.html.erb
  Rendering articles/new.html.erb within layouts/application
  Rendered articles/new.html.erb within layouts/application (Duration: 48.6ms | Allocations: 6103)
[Webpacker] Everything's up-to-date. Nothing to do
  Rendered layout layouts/application.html.erb (Duration: 56.0ms | Allocations: 9178)
Completed 200 OK in 66ms (Views: 60.4ms | Allocations: 10315)


Started GET "/articles/new" for ::1 at 2022-04-20 16:11:15 -0500
Processing by ArticlesController#new as HTML
  Rendering layout layouts/application.html.erb
  Rendering articles/new.html.erb within layouts/application
  Rendered articles/new.html.erb within layouts/application (Duration: 1.9ms | Allocations: 617)
[Webpacker] Everything's up-to-date. Nothing to do
  Rendered layout layouts/application.html.erb (Duration: 9.2ms | Allocations: 3778)
Completed 200 OK in 14ms (Views: 12.3ms | Allocations: 4919)


Started POST "/articles" for ::1 at 2022-04-20 16:11:34 -0500
  
AbstractController::ActionNotFound (The action 'create' could not be found for ArticlesController
Did you mean?  new):
  
actionpack (6.1.5) lib/abstract_controller/base.rb:160:in `process'
actionview (6.1.5) lib/action_view/rendering.rb:39:in `process'
actionpack (6.1.5) lib/action_controller/metal.rb:190:in `dispatch'
actionpack (6.1.5) lib/action_controller/metal.rb:254:in `dispatch'
actionpack (6.1.5) lib/action_dispatch/routing/route_set.rb:50:in `dispatch'
actionpack (6.1.5) lib/action_dispatch/routing/route_set.rb:33:in `serve'
actionpack (6.1.5) lib/action_dispatch/journey/router.rb:50:in `block in serve'
actionpack (6.1.5) lib/action_dispatch/journey/router.rb:32:in `each'
actionpack (6.1.5) lib/action_dispatch/journey/router.rb:32:in `serve'
actionpack (6.1.5) lib/action_dispatch/routing/route_set.rb:842:in `call'
rack (2.2.3) lib/rack/tempfile_reaper.rb:15:in `call'
rack (2.2.3) lib/rack/etag.rb:27:in `call'
rack (2.2.3) lib/rack/conditional_get.rb:40:in `call'
rack (2.2.3) lib/rack/head.rb:12:in `call'
actionpack (6.1.5) lib/action_dispatch/http/permissions_policy.rb:22:in `call'
actionpack (6.1.5) lib/action_dispatch/http/content_security_policy.rb:19:in `call'
rack (2.2.3) lib/rack/session/abstract/id.rb:266:in `context'
rack (2.2.3) lib/rack/session/abstract/id.rb:260:in `call'
actionpack (6.1.5) lib/action_dispatch/middleware/cookies.rb:689:in `call'
activerecord (6.1.5) lib/active_record/migration.rb:601:in `call'
actionpack (6.1.5) lib/action_dispatch/middleware/callbacks.rb:27:in `block in call'
activesupport (6.1.5) lib/active_support/callbacks.rb:98:in `run_callbacks'
actionpack (6.1.5) lib/action_dispatch/middleware/callbacks.rb:26:in `call'
actionpack (6.1.5) lib/action_dispatch/middleware/executor.rb:14:in `call'
actionpack (6.1.5) lib/action_dispatch/middleware/actionable_exceptions.rb:18:in `call'
actionpack (6.1.5) lib/action_dispatch/middleware/debug_exceptions.rb:29:in `call'
web-console (4.2.0) lib/web_console/middleware.rb:132:in `call_app'
web-console (4.2.0) lib/web_console/middleware.rb:28:in `block in call'
web-console (4.2.0) lib/web_console/middleware.rb:17:in `catch'
web-console (4.2.0) lib/web_console/middleware.rb:17:in `call'
actionpack (6.1.5) lib/action_dispatch/middleware/show_exceptions.rb:33:in `call'
railties (6.1.5) lib/rails/rack/logger.rb:37:in `call_app'
railties (6.1.5) lib/rails/rack/logger.rb:26:in `block in call'
activesupport (6.1.5) lib/active_support/tagged_logging.rb:99:in `block in tagged'
activesupport (6.1.5) lib/active_support/tagged_logging.rb:37:in `tagged'
activesupport (6.1.5) lib/active_support/tagged_logging.rb:99:in `tagged'
railties (6.1.5) lib/rails/rack/logger.rb:26:in `call'
sprockets-rails (3.4.2) lib/sprockets/rails/quiet_assets.rb:13:in `call'
actionpack (6.1.5) lib/action_dispatch/middleware/remote_ip.rb:81:in `call'
actionpack (6.1.5) lib/action_dispatch/middleware/request_id.rb:26:in `call'
rack (2.2.3) lib/rack/method_override.rb:24:in `call'
rack (2.2.3) lib/rack/runtime.rb:22:in `call'
activesupport (6.1.5) lib/active_support/cache/strategy/local_cache_middleware.rb:29:in `call'
actionpack (6.1.5) lib/action_dispatch/middleware/executor.rb:14:in `call'
actionpack (6.1.5) lib/action_dispatch/middleware/static.rb:24:in `call'
rack (2.2.3) lib/rack/sendfile.rb:110:in `call'
actionpack (6.1.5) lib/action_dispatch/middleware/host_authorization.rb:148:in `call'
webpacker (5.4.3) lib/webpacker/dev_server_proxy.rb:25:in `perform_request'
rack-proxy (0.7.2) lib/rack/proxy.rb:67:in `call'
railties (6.1.5) lib/rails/engine.rb:539:in `call'
puma (5.6.4) lib/puma/configuration.rb:252:in `call'
puma (5.6.4) lib/puma/request.rb:77:in `block in handle_request'
puma (5.6.4) lib/puma/thread_pool.rb:340:in `with_force_shutdown'
puma (5.6.4) lib/puma/request.rb:76:in `handle_request'
puma (5.6.4) lib/puma/server.rb:441:in `process_client'
puma (5.6.4) lib/puma/thread_pool.rb:147:in `block in spawn_thread'
Started POST "/articles" for ::1 at 2022-04-20 16:12:05 -0500
Processing by ArticlesController#create as HTML
  Parameters: {"authenticity_token"=>"[FILTERED]", "article"=>{"title"=>"", "text"=>""}, "commit"=>"Save Article"}
No template found for ArticlesController#create, rendering head :no_content
Completed 204 No Content in 11ms (Allocations: 1564)


Started POST "/articles" for ::1 at 2022-04-20 16:12:07 -0500
Processing by ArticlesController#create as HTML
  Parameters: {"authenticity_token"=>"[FILTERED]", "article"=>{"title"=>"", "text"=>""}, "commit"=>"Save Article"}
No template found for ArticlesController#create, rendering head :no_content
Completed 204 No Content in 1ms (Allocations: 340)


Started POST "/articles" for ::1 at 2022-04-20 16:13:42 -0500
Processing by ArticlesController#create as HTML
  Parameters: {"authenticity_token"=>"[FILTERED]", "article"=>{"title"=>"", "text"=>""}, "commit"=>"Save Article"}
  Rendering text template
  Rendered text template (Duration: 0.1ms | Allocations: 2)
Completed 200 OK in 4ms (Views: 2.5ms | Allocations: 643)


Started GET "/articles/new" for ::1 at 2022-04-20 16:13:49 -0500
Processing by ArticlesController#new as HTML
  Rendering layout layouts/application.html.erb
  Rendering articles/new.html.erb within layouts/application
  Rendered articles/new.html.erb within layouts/application (Duration: 1.7ms | Allocations: 439)
[Webpacker] Everything's up-to-date. Nothing to do
  Rendered layout layouts/application.html.erb (Duration: 9.4ms | Allocations: 3439)
Completed 200 OK in 12ms (Views: 10.8ms | Allocations: 3860)


Started POST "/articles" for ::1 at 2022-04-20 16:14:03 -0500
Processing by ArticlesController#create as HTML
  Parameters: {"authenticity_token"=>"[FILTERED]", "article"=>{"title"=>"My new article", "text"=>"Thd;klsafjd;lakjfdkl;asjfkd;lsajfkl;dsajfkl;dsajfk;dsajf;kdsaj"}, "commit"=>"Save Article"}
  Rendering text template
  Rendered text template (Duration: 0.1ms | Allocations: 1)
Completed 200 OK in 4ms (Views: 2.1ms | Allocations: 390)


Started POST "/articles" for ::1 at 2022-04-20 16:14:45 -0500
Processing by ArticlesController#create as HTML
  Parameters: {"authenticity_token"=>"[FILTERED]", "article"=>{"title"=>"My new article", "text"=>"Thd;klsafjd;lakjfdkl;asjfkd;lsajfkl;dsajfkl;dsajfk;dsajf;kdsaj"}, "commit"=>"Save Article"}
  Rendering text template
  Rendered text template (Duration: 0.1ms | Allocations: 1)
Completed 200 OK in 2ms (Views: 1.3ms | Allocations: 525)


Started GET "/articles/new" for ::1 at 2022-04-20 16:14:52 -0500
Processing by ArticlesController#new as HTML
  Rendering layout layouts/application.html.erb
  Rendering articles/new.html.erb within layouts/application
  Rendered articles/new.html.erb within layouts/application (Duration: 2.4ms | Allocations: 623)
[Webpacker] Everything's up-to-date. Nothing to do
  Rendered layout layouts/application.html.erb (Duration: 11.4ms | Allocations: 3784)
Completed 200 OK in 19ms (Views: 15.8ms | Allocations: 4793)


Started POST "/articles" for ::1 at 2022-04-20 16:14:55 -0500
Processing by ArticlesController#create as HTML
  Parameters: {"authenticity_token"=>"[FILTERED]", "article"=>{"fffff"=>"ffds", "text"=>"dsfds"}, "commit"=>"Save Article"}
  Rendering text template
  Rendered text template (Duration: 0.1ms | Allocations: 1)
Completed 200 OK in 3ms (Views: 0.9ms | Allocations: 395)


  [1m[35m (31.2ms)[0m  [1m[35mCREATE TABLE "schema_migrations" ("version" character varying NOT NULL PRIMARY KEY)[0m
  [1m[35m (11.5ms)[0m  [1m[35mCREATE TABLE "ar_internal_metadata" ("key" character varying NOT NULL PRIMARY KEY, "value" character varying, "created_at" timestamp(6) NOT NULL, "updated_at" timestamp(6) NOT NULL)[0m
  [1m[35m (0.3ms)[0m  [1m[34mSELECT pg_try_advisory_lock(892336952976185220)[0m
  [1m[35m (0.6ms)[0m  [1m[34mSELECT "schema_migrations"."version" FROM "schema_migrations" ORDER BY "schema_migrations"."version" ASC[0m
Migrating to CreateArticles (20220420211739)
  [1m[36mTRANSACTION (0.3ms)[0m  [1m[35mBEGIN[0m
  [1m[35m (11.2ms)[0m  [1m[35mCREATE TABLE "articles" ("id" bigserial primary key, "title" character varying, "text" text, "created_at" timestamp(6) NOT NULL, "updated_at" timestamp(6) NOT NULL)[0m
  [1m[36mActiveRecord::SchemaMigration Create (1.0ms)[0m  [1m[32mINSERT INTO "schema_migrations" ("version") VALUES ($1) RETURNING "version"[0m  [["version", "20220420211739"]]
  [1m[36mTRANSACTION (1.5ms)[0m  [1m[35mCOMMIT[0m
  [1m[36mActiveRecord::InternalMetadata Load (0.4ms)[0m  [1m[34mSELECT "ar_internal_metadata".* FROM "ar_internal_metadata" WHERE "ar_internal_metadata"."key" = $1 LIMIT $2[0m  [["key", "environment"], ["LIMIT", 1]]
  [1m[36mTRANSACTION (0.4ms)[0m  [1m[35mBEGIN[0m
  [1m[36mActiveRecord::InternalMetadata Create (1.2ms)[0m  [1m[32mINSERT INTO "ar_internal_metadata" ("key", "value", "created_at", "updated_at") VALUES ($1, $2, $3, $4) RETURNING "key"[0m  [["key", "environment"], ["value", "development"], ["created_at", "2022-04-20 21:20:12.357759"], ["updated_at", "2022-04-20 21:20:12.357759"]]
  [1m[36mTRANSACTION (1.2ms)[0m  [1m[35mCOMMIT[0m
  [1m[35m (0.3ms)[0m  [1m[34mSELECT pg_advisory_unlock(892336952976185220)[0m
  [1m[35m (0.9ms)[0m  [1m[34mSELECT "schema_migrations"."version" FROM "schema_migrations" ORDER BY "schema_migrations"."version" ASC[0m
  [1m[35m (0.3ms)[0m  [1m[34mSELECT pg_try_advisory_lock(892336952976185220)[0m
  [1m[35m (0.6ms)[0m  [1m[34mSELECT "schema_migrations"."version" FROM "schema_migrations" ORDER BY "schema_migrations"."version" ASC[0m
  [1m[36mActiveRecord::InternalMetadata Load (1.4ms)[0m  [1m[34mSELECT "ar_internal_metadata".* FROM "ar_internal_metadata" WHERE "ar_internal_metadata"."key" = $1 LIMIT $2[0m  [["key", "environment"], ["LIMIT", 1]]
  [1m[35m (0.7ms)[0m  [1m[34mSELECT pg_advisory_unlock(892336952976185220)[0m
  [1m[35m (0.9ms)[0m  [1m[34mSELECT "schema_migrations"."version" FROM "schema_migrations" ORDER BY "schema_migrations"."version" ASC[0m
  [1m[35m (0.7ms)[0m  [1m[34mSELECT "schema_migrations"."version" FROM "schema_migrations" ORDER BY "schema_migrations"."version" ASC[0m
Started POST "/articles" for ::1 at 2022-04-20 16:36:08 -0500
  [1m[35m (0.8ms)[0m  [1m[34mSELECT "schema_migrations"."version" FROM "schema_migrations" ORDER BY "schema_migrations"."version" ASC[0m
Processing by ArticlesController#create as HTML
  Parameters: {"authenticity_token"=>"[FILTERED]", "article"=>{"fffff"=>"ffds", "text"=>"dsfds"}, "commit"=>"Save Article"}
[31mUnpermitted parameter: :fffff[0m
  [1m[36mTRANSACTION (0.3ms)[0m  [1m[35mBEGIN[0m
  ↳ app/controllers/articles_controller.rb:15:in `create'
  [1m[36mArticle Create (1.1ms)[0m  [1m[32mINSERT INTO "articles" ("text", "created_at", "updated_at") VALUES ($1, $2, $3) RETURNING "id"[0m  [["text", "dsfds"], ["created_at", "2022-04-20 21:36:09.093195"], ["updated_at", "2022-04-20 21:36:09.093195"]]
  ↳ app/controllers/articles_controller.rb:15:in `create'
  [1m[36mTRANSACTION (1.7ms)[0m  [1m[35mCOMMIT[0m
  ↳ app/controllers/articles_controller.rb:15:in `create'
Redirected to http://localhost:3000/articles/1
Completed 302 Found in 38ms (ActiveRecord: 7.4ms | Allocations: 5464)


Started GET "/articles/1" for ::1 at 2022-04-20 16:36:09 -0500
Processing by ArticlesController#show as HTML
  Parameters: {"id"=>"1"}
  [1m[36mArticle Load (0.5ms)[0m  [1m[34mSELECT "articles".* FROM "articles" WHERE "articles"."id" = $1 LIMIT $2[0m  [["id", 1], ["LIMIT", 1]]
  ↳ app/controllers/articles_controller.rb:4:in `show'
  Rendering layout layouts/application.html.erb
  Rendering articles/show.html.erb within layouts/application
  Rendered articles/show.html.erb within layouts/application (Duration: 1.4ms | Allocations: 118)
[Webpacker] Everything's up-to-date. Nothing to do
  Rendered layout layouts/application.html.erb (Duration: 9.2ms | Allocations: 3281)
Completed 200 OK in 22ms (Views: 12.7ms | ActiveRecord: 1.0ms | Allocations: 5328)


Started GET "/" for ::1 at 2022-04-20 16:36:20 -0500
Processing by WelcomeController#index as HTML
  Rendering layout layouts/application.html.erb
  Rendering welcome/index.html.erb within layouts/application
  Rendered welcome/index.html.erb within layouts/application (Duration: 0.7ms | Allocations: 69)
[Webpacker] Everything's up-to-date. Nothing to do
  Rendered layout layouts/application.html.erb (Duration: 8.5ms | Allocations: 3061)
Completed 200 OK in 13ms (Views: 11.3ms | ActiveRecord: 0.0ms | Allocations: 3987)


Started GET "/articles/new" for ::1 at 2022-04-20 16:36:25 -0500
Processing by ArticlesController#new as HTML
  Rendering layout layouts/application.html.erb
  Rendering articles/new.html.erb within layouts/application
  Rendered articles/new.html.erb within layouts/application (Duration: 2.0ms | Allocations: 619)
[Webpacker] Everything's up-to-date. Nothing to do
  Rendered layout layouts/application.html.erb (Duration: 10.4ms | Allocations: 3608)
Completed 200 OK in 12ms (Views: 11.0ms | ActiveRecord: 0.0ms | Allocations: 4169)


Started POST "/articles" for ::1 at 2022-04-20 16:36:44 -0500
Processing by ArticlesController#create as HTML
  Parameters: {"authenticity_token"=>"[FILTERED]", "article"=>{"title"=>"Hello World", "text"=>"This is a new article hopefully its in the database."}, "commit"=>"Save Article"}
  [1m[36mTRANSACTION (0.4ms)[0m  [1m[35mBEGIN[0m
  ↳ app/controllers/articles_controller.rb:15:in `create'
  [1m[36mArticle Create (0.9ms)[0m  [1m[32mINSERT INTO "articles" ("title", "text", "created_at", "updated_at") VALUES ($1, $2, $3, $4) RETURNING "id"[0m  [["title", "Hello World"], ["text", "This is a new article hopefully its in the database."], ["created_at", "2022-04-20 21:36:44.156125"], ["updated_at", "2022-04-20 21:36:44.156125"]]
  ↳ app/controllers/articles_controller.rb:15:in `create'
  [1m[36mTRANSACTION (1.6ms)[0m  [1m[35mCOMMIT[0m
  ↳ app/controllers/articles_controller.rb:15:in `create'
Redirected to http://localhost:3000/articles/2
Completed 302 Found in 12ms (ActiveRecord: 2.8ms | Allocations: 2036)


Started GET "/articles/2" for ::1 at 2022-04-20 16:36:44 -0500
Processing by ArticlesController#show as HTML
  Parameters: {"id"=>"2"}
  [1m[36mArticle Load (0.6ms)[0m  [1m[34mSELECT "articles".* FROM "articles" WHERE "articles"."id" = $1 LIMIT $2[0m  [["id", 2], ["LIMIT", 1]]
  ↳ app/controllers/articles_controller.rb:4:in `show'
  Rendering layout layouts/application.html.erb
  Rendering articles/show.html.erb within layouts/application
  Rendered articles/show.html.erb within layouts/application (Duration: 0.1ms | Allocations: 9)
[Webpacker] Everything's up-to-date. Nothing to do
  Rendered layout layouts/application.html.erb (Duration: 5.7ms | Allocations: 2999)
Completed 200 OK in 12ms (Views: 6.9ms | ActiveRecord: 0.6ms | Allocations: 3860)


Started GET "/articles/2" for ::1 at 2022-04-20 16:36:54 -0500
Processing by ArticlesController#show as HTML
  Parameters: {"id"=>"2"}
  [1m[36mArticle Load (0.8ms)[0m  [1m[34mSELECT "articles".* FROM "articles" WHERE "articles"."id" = $1 LIMIT $2[0m  [["id", 2], ["LIMIT", 1]]
  ↳ app/controllers/articles_controller.rb:4:in `show'
  Rendering layout layouts/application.html.erb
  Rendering articles/show.html.erb within layouts/application
  Rendered articles/show.html.erb within layouts/application (Duration: 1.9ms | Allocations: 116)
[Webpacker] Everything's up-to-date. Nothing to do
  Rendered layout layouts/application.html.erb (Duration: 9.4ms | Allocations: 3290)
Completed 200 OK in 19ms (Views: 13.6ms | ActiveRecord: 0.8ms | Allocations: 4880)


Started GET "/articles/1" for ::1 at 2022-04-20 16:37:03 -0500
Processing by ArticlesController#show as HTML
  Parameters: {"id"=>"1"}
  [1m[36mArticle Load (0.6ms)[0m  [1m[34mSELECT "articles".* FROM "articles" WHERE "articles"."id" = $1 LIMIT $2[0m  [["id", 1], ["LIMIT", 1]]
  ↳ app/controllers/articles_controller.rb:4:in `show'
  Rendering layout layouts/application.html.erb
  Rendering articles/show.html.erb within layouts/application
  Rendered articles/show.html.erb within layouts/application (Duration: 0.2ms | Allocations: 6)
[Webpacker] Everything's up-to-date. Nothing to do
  Rendered layout layouts/application.html.erb (Duration: 7.7ms | Allocations: 2996)
Completed 200 OK in 16ms (Views: 9.1ms | ActiveRecord: 0.6ms | Allocations: 3865)


Started GET "/articles/2" for ::1 at 2022-04-20 16:37:07 -0500
Processing by ArticlesController#show as HTML
  Parameters: {"id"=>"2"}
  [1m[36mArticle Load (0.6ms)[0m  [1m[34mSELECT "articles".* FROM "articles" WHERE "articles"."id" = $1 LIMIT $2[0m  [["id", 2], ["LIMIT", 1]]
  ↳ app/controllers/articles_controller.rb:4:in `show'
  Rendering layout layouts/application.html.erb
  Rendering articles/show.html.erb within layouts/application
  Rendered articles/show.html.erb within layouts/application (Duration: 0.2ms | Allocations: 9)
[Webpacker] Everything's up-to-date. Nothing to do
  Rendered layout layouts/application.html.erb (Duration: 6.6ms | Allocations: 2999)
Completed 200 OK in 12ms (Views: 7.4ms | ActiveRecord: 0.6ms | Allocations: 3882)


  [1m[36mArticle Load (0.4ms)[0m  [1m[34mSELECT "articles".* FROM "articles"[0m
  [1m[36mArticle Load (1.1ms)[0m  [1m[34mSELECT "articles".* FROM "articles"[0m
  [1m[36mArticle Load (0.6ms)[0m  [1m[34mSELECT "articles".* FROM "articles"[0m
  [1m[36mArticle Destroy (12.4ms)[0m  [1m[31mDELETE FROM "articles" WHERE "articles"."id" = $1[0m  [["id", 1]]
  [1m[36mArticle Load (0.6ms)[0m  [1m[34mSELECT "articles".* FROM "articles"[0m
Started GET "/articles/2" for ::1 at 2022-04-20 16:39:35 -0500
Processing by ArticlesController#show as HTML
  Parameters: {"id"=>"2"}
  [1m[36mArticle Load (0.8ms)[0m  [1m[34mSELECT "articles".* FROM "articles" WHERE "articles"."id" = $1 LIMIT $2[0m  [["id", 2], ["LIMIT", 1]]
  ↳ app/controllers/articles_controller.rb:4:in `show'
  Rendering layout layouts/application.html.erb
  Rendering articles/show.html.erb within layouts/application
  Rendered articles/show.html.erb within layouts/application (Duration: 0.1ms | Allocations: 9)
[Webpacker] Everything's up-to-date. Nothing to do
  Rendered layout layouts/application.html.erb (Duration: 7.6ms | Allocations: 2999)
Completed 200 OK in 15ms (Views: 8.7ms | ActiveRecord: 0.8ms | Allocations: 3864)


Started GET "/articles/" for ::1 at 2022-04-20 16:52:28 -0500
Processing by ArticlesController#index as HTML
  Rendering layout layouts/application.html.erb
  Rendering articles/index.html.erb within layouts/application
  [1m[36mArticle Load (0.9ms)[0m  [1m[34mSELECT "articles".* FROM "articles"[0m
  ↳ app/views/articles/index.html.erb:9
  Rendered articles/index.html.erb within layouts/application (Duration: 18.8ms | Allocations: 4707)
[Webpacker] Everything's up-to-date. Nothing to do
  Rendered layout layouts/application.html.erb (Duration: 24.3ms | Allocations: 7848)
Completed 200 OK in 31ms (Views: 27.2ms | ActiveRecord: 5.2ms | Allocations: 9255)


Started GET "/articles/2" for ::1 at 2022-04-20 16:52:45 -0500
Processing by ArticlesController#show as HTML
  Parameters: {"id"=>"2"}
  [1m[36mArticle Load (0.7ms)[0m  [1m[34mSELECT "articles".* FROM "articles" WHERE "articles"."id" = $1 LIMIT $2[0m  [["id", 2], ["LIMIT", 1]]
  ↳ app/controllers/articles_controller.rb:8:in `show'
  Rendering layout layouts/application.html.erb
  Rendering articles/show.html.erb within layouts/application
  Rendered articles/show.html.erb within layouts/application (Duration: 0.7ms | Allocations: 120)
[Webpacker] Everything's up-to-date. Nothing to do
  Rendered layout layouts/application.html.erb (Duration: 7.8ms | Allocations: 3113)
Completed 200 OK in 16ms (Views: 9.1ms | ActiveRecord: 1.1ms | Allocations: 4240)


Started GET "/articles" for ::1 at 2022-04-20 16:52:52 -0500
Processing by ArticlesController#index as HTML
  Rendering layout layouts/application.html.erb
  Rendering articles/index.html.erb within layouts/application
  [1m[36mArticle Load (1.0ms)[0m  [1m[34mSELECT "articles".* FROM "articles"[0m
  ↳ app/views/articles/index.html.erb:9
  Rendered articles/index.html.erb within layouts/application (Duration: 4.4ms | Allocations: 540)
[Webpacker] Everything's up-to-date. Nothing to do
  Rendered layout layouts/application.html.erb (Duration: 14.0ms | Allocations: 3529)
Completed 200 OK in 17ms (Views: 14.3ms | ActiveRecord: 1.0ms | Allocations: 3979)


Started GET "/articles" for ::1 at 2022-04-20 16:54:42 -0500
Processing by ArticlesController#index as HTML
  Rendering layout layouts/application.html.erb
  Rendering articles/index.html.erb within layouts/application
  [1m[36mArticle Load (1.1ms)[0m  [1m[34mSELECT "articles".* FROM "articles"[0m
  ↳ app/views/articles/index.html.erb:9
  Rendered articles/index.html.erb within layouts/application (Duration: 4.9ms | Allocations: 701)
[Webpacker] Everything's up-to-date. Nothing to do
  Rendered layout layouts/application.html.erb (Duration: 11.7ms | Allocations: 3863)
Completed 200 OK in 21ms (Views: 14.2ms | ActiveRecord: 1.1ms | Allocations: 5022)


Started GET "/articles" for ::1 at 2022-04-20 16:54:56 -0500
Processing by ArticlesController#index as HTML
  Rendering layout layouts/application.html.erb
  Rendering articles/index.html.erb within layouts/application
  [1m[36mArticle Load (0.9ms)[0m  [1m[34mSELECT "articles".* FROM "articles"[0m
  ↳ app/views/articles/index.html.erb:9
  Rendered articles/index.html.erb within layouts/application (Duration: 7.6ms | Allocations: 703)
[Webpacker] Everything's up-to-date. Nothing to do
  Rendered layout layouts/application.html.erb (Duration: 12.9ms | Allocations: 3865)
Completed 200 OK in 17ms (Views: 14.1ms | ActiveRecord: 0.9ms | Allocations: 5023)


Started GET "/articles" for ::1 at 2022-04-20 16:54:58 -0500
Processing by ArticlesController#index as HTML
  Rendering layout layouts/application.html.erb
  Rendering articles/index.html.erb within layouts/application
  [1m[36mArticle Load (0.8ms)[0m  [1m[34mSELECT "articles".* FROM "articles"[0m
  ↳ app/views/articles/index.html.erb:9
  Rendered articles/index.html.erb within layouts/application (Duration: 4.1ms | Allocations: 539)
[Webpacker] Everything's up-to-date. Nothing to do
  Rendered layout layouts/application.html.erb (Duration: 9.4ms | Allocations: 3528)
Completed 200 OK in 11ms (Views: 9.6ms | ActiveRecord: 0.8ms | Allocations: 3963)


Started GET "/articles" for ::1 at 2022-04-20 16:54:59 -0500
Processing by ArticlesController#index as HTML
  Rendering layout layouts/application.html.erb
  Rendering articles/index.html.erb within layouts/application
  [1m[36mArticle Load (0.7ms)[0m  [1m[34mSELECT "articles".* FROM "articles"[0m
  ↳ app/views/articles/index.html.erb:9
  Rendered articles/index.html.erb within layouts/application (Duration: 3.9ms | Allocations: 534)
[Webpacker] Everything's up-to-date. Nothing to do
  Rendered layout layouts/application.html.erb (Duration: 10.8ms | Allocations: 3523)
Completed 200 OK in 13ms (Views: 11.3ms | ActiveRecord: 0.7ms | Allocations: 3965)


Started GET "/articles" for ::1 at 2022-04-20 16:55:00 -0500
Processing by ArticlesController#index as HTML
  Rendering layout layouts/application.html.erb
  Rendering articles/index.html.erb within layouts/application
  [1m[36mArticle Load (1.0ms)[0m  [1m[34mSELECT "articles".* FROM "articles"[0m
  ↳ app/views/articles/index.html.erb:9
  Rendered articles/index.html.erb within layouts/application (Duration: 5.8ms | Allocations: 534)
[Webpacker] Everything's up-to-date. Nothing to do
  Rendered layout layouts/application.html.erb (Duration: 10.4ms | Allocations: 3523)
Completed 200 OK in 14ms (Views: 11.4ms | ActiveRecord: 1.0ms | Allocations: 3958)


Started GET "/articles" for ::1 at 2022-04-20 16:55:06 -0500
Processing by ArticlesController#index as HTML
  Rendering layout layouts/application.html.erb
  Rendering articles/index.html.erb within layouts/application
  [1m[36mArticle Load (0.5ms)[0m  [1m[34mSELECT "articles".* FROM "articles"[0m
  ↳ app/views/articles/index.html.erb:9
  Rendered articles/index.html.erb within layouts/application (Duration: 4.4ms | Allocations: 700)
[Webpacker] Everything's up-to-date. Nothing to do
  Rendered layout layouts/application.html.erb (Duration: 14.9ms | Allocations: 3862)
Completed 200 OK in 20ms (Views: 16.5ms | ActiveRecord: 0.5ms | Allocations: 5008)


Started GET "/articles" for ::1 at 2022-04-20 16:55:11 -0500
Processing by ArticlesController#index as HTML
  Rendering layout layouts/application.html.erb
  Rendering articles/index.html.erb within layouts/application
  [1m[36mArticle Load (0.4ms)[0m  [1m[34mSELECT "articles".* FROM "articles"[0m
  ↳ app/views/articles/index.html.erb:9
  Rendered articles/index.html.erb within layouts/application (Duration: 3.0ms | Allocations: 701)
[Webpacker] Everything's up-to-date. Nothing to do
  Rendered layout layouts/application.html.erb (Duration: 10.7ms | Allocations: 3864)
Completed 200 OK in 14ms (Views: 12.5ms | ActiveRecord: 0.4ms | Allocations: 5016)


Started GET "/articles" for ::1 at 2022-04-20 16:56:22 -0500
Processing by ArticlesController#index as HTML
  Rendering layout layouts/application.html.erb
  Rendering articles/index.html.erb within layouts/application
  [1m[36mArticle Load (0.5ms)[0m  [1m[34mSELECT "articles".* FROM "articles"[0m
  ↳ app/views/articles/index.html.erb:9
  Rendered articles/index.html.erb within layouts/application (Duration: 3.6ms | Allocations: 703)
[Webpacker] Everything's up-to-date. Nothing to do
  Rendered layout layouts/application.html.erb (Duration: 10.3ms | Allocations: 3876)
Completed 200 OK in 15ms (Views: 12.9ms | ActiveRecord: 0.5ms | Allocations: 5034)


Started GET "/" for ::1 at 2022-04-20 16:56:27 -0500
Processing by WelcomeController#index as HTML
  Rendering layout layouts/application.html.erb
  Rendering welcome/index.html.erb within layouts/application
  Rendered welcome/index.html.erb within layouts/application (Duration: 1.9ms | Allocations: 547)
[Webpacker] Everything's up-to-date. Nothing to do
  Rendered layout layouts/application.html.erb (Duration: 9.4ms | Allocations: 3501)
Completed 200 OK in 12ms (Views: 10.7ms | ActiveRecord: 0.0ms | Allocations: 4418)


Started GET "/articles" for ::1 at 2022-04-20 16:56:30 -0500
Processing by ArticlesController#index as HTML
  Rendering layout layouts/application.html.erb
  Rendering articles/index.html.erb within layouts/application
  [1m[36mArticle Load (0.8ms)[0m  [1m[34mSELECT "articles".* FROM "articles"[0m
  ↳ app/views/articles/index.html.erb:9
  Rendered articles/index.html.erb within layouts/application (Duration: 4.6ms | Allocations: 539)
[Webpacker] Everything's up-to-date. Nothing to do
  Rendered layout layouts/application.html.erb (Duration: 13.4ms | Allocations: 3531)
Completed 200 OK in 16ms (Views: 13.9ms | ActiveRecord: 0.8ms | Allocations: 3961)


Started GET "/articles" for ::1 at 2022-04-20 16:58:36 -0500
Processing by ArticlesController#index as HTML
  Rendering layout layouts/application.html.erb
  Rendering articles/index.html.erb within layouts/application
  [1m[36mArticle Load (0.7ms)[0m  [1m[34mSELECT "articles".* FROM "articles"[0m
  ↳ app/views/articles/index.html.erb:11
  Rendered articles/index.html.erb within layouts/application (Duration: 4.5ms | Allocations: 744)
[Webpacker] Everything's up-to-date. Nothing to do
  Rendered layout layouts/application.html.erb (Duration: 12.4ms | Allocations: 3917)
Completed 200 OK in 16ms (Views: 14.1ms | ActiveRecord: 0.7ms | Allocations: 5072)


Started GET "/articles/new" for ::1 at 2022-04-20 16:58:37 -0500
Processing by ArticlesController#new as HTML
  Rendering layout layouts/application.html.erb
  Rendering articles/new.html.erb within layouts/application
  Rendered articles/new.html.erb within layouts/application (Duration: 8.3ms | Allocations: 616)
[Webpacker] Everything's up-to-date. Nothing to do
  Rendered layout layouts/application.html.erb (Duration: 22.6ms | Allocations: 3605)
Completed 200 OK in 29ms (Views: 25.1ms | ActiveRecord: 0.0ms | Allocations: 4157)


Started POST "/articles" for ::1 at 2022-04-20 16:58:56 -0500
Processing by ArticlesController#create as HTML
  Parameters: {"authenticity_token"=>"[FILTERED]", "article"=>{"title"=>"Article 2", "text"=>"This is another one"}, "commit"=>"Save Article"}
  [1m[36mTRANSACTION (0.5ms)[0m  [1m[35mBEGIN[0m
  ↳ app/controllers/articles_controller.rb:19:in `create'
  [1m[36mArticle Create (1.7ms)[0m  [1m[32mINSERT INTO "articles" ("title", "text", "created_at", "updated_at") VALUES ($1, $2, $3, $4) RETURNING "id"[0m  [["title", "Article 2"], ["text", "This is another one"], ["created_at", "2022-04-20 21:58:56.140643"], ["updated_at", "2022-04-20 21:58:56.140643"]]
  ↳ app/controllers/articles_controller.rb:19:in `create'
  [1m[36mTRANSACTION (1.6ms)[0m  [1m[35mCOMMIT[0m
  ↳ app/controllers/articles_controller.rb:19:in `create'
Redirected to http://localhost:3000/articles/3
Completed 302 Found in 17ms (ActiveRecord: 3.8ms | Allocations: 2128)


Started GET "/articles/3" for ::1 at 2022-04-20 16:58:56 -0500
Processing by ArticlesController#show as HTML
  Parameters: {"id"=>"3"}
  [1m[36mArticle Load (0.6ms)[0m  [1m[34mSELECT "articles".* FROM "articles" WHERE "articles"."id" = $1 LIMIT $2[0m  [["id", 3], ["LIMIT", 1]]
  ↳ app/controllers/articles_controller.rb:8:in `show'
  Rendering layout layouts/application.html.erb
  Rendering articles/show.html.erb within layouts/application
  Rendered articles/show.html.erb within layouts/application (Duration: 0.6ms | Allocations: 114)
[Webpacker] Everything's up-to-date. Nothing to do
  Rendered layout layouts/application.html.erb (Duration: 4.8ms | Allocations: 3107)
Completed 200 OK in 10ms (Views: 5.7ms | ActiveRecord: 0.6ms | Allocations: 4099)


Started GET "/articles/" for ::1 at 2022-04-20 16:59:00 -0500
Processing by ArticlesController#index as HTML
  Rendering layout layouts/application.html.erb
  Rendering articles/index.html.erb within layouts/application
  [1m[36mArticle Load (0.6ms)[0m  [1m[34mSELECT "articles".* FROM "articles"[0m
  ↳ app/views/articles/index.html.erb:11
  Rendered articles/index.html.erb within layouts/application (Duration: 4.8ms | Allocations: 592)
[Webpacker] Everything's up-to-date. Nothing to do
  Rendered layout layouts/application.html.erb (Duration: 13.2ms | Allocations: 3581)
Completed 200 OK in 18ms (Views: 14.5ms | ActiveRecord: 0.6ms | Allocations: 4024)


Started GET "/articles/3" for ::1 at 2022-04-20 16:59:03 -0500
Processing by ArticlesController#show as HTML
  Parameters: {"id"=>"3"}
  [1m[36mArticle Load (0.6ms)[0m  [1m[34mSELECT "articles".* FROM "articles" WHERE "articles"."id" = $1 LIMIT $2[0m  [["id", 3], ["LIMIT", 1]]
  ↳ app/controllers/articles_controller.rb:8:in `show'
  Rendering layout layouts/application.html.erb
  Rendering articles/show.html.erb within layouts/application
  Rendered articles/show.html.erb within layouts/application (Duration: 0.1ms | Allocations: 8)
[Webpacker] Everything's up-to-date. Nothing to do
  Rendered layout layouts/application.html.erb (Duration: 10.1ms | Allocations: 2998)
Completed 200 OK in 16ms (Views: 11.5ms | ActiveRecord: 0.6ms | Allocations: 3872)


Started GET "/articles/3" for ::1 at 2022-04-20 16:59:05 -0500
Processing by ArticlesController#show as HTML
  Parameters: {"id"=>"3"}
  [1m[36mArticle Load (0.8ms)[0m  [1m[34mSELECT "articles".* FROM "articles" WHERE "articles"."id" = $1 LIMIT $2[0m  [["id", 3], ["LIMIT", 1]]
  ↳ app/controllers/articles_controller.rb:8:in `show'
  Rendering layout layouts/application.html.erb
  Rendering articles/show.html.erb within layouts/application
  Rendered articles/show.html.erb within layouts/application (Duration: 0.1ms | Allocations: 8)
[Webpacker] Everything's up-to-date. Nothing to do
  Rendered layout layouts/application.html.erb (Duration: 5.8ms | Allocations: 2998)
Completed 200 OK in 13ms (Views: 6.7ms | ActiveRecord: 0.8ms | Allocations: 3863)


Started GET "/articles/" for ::1 at 2022-04-20 16:59:07 -0500
Processing by ArticlesController#index as HTML
  Rendering layout layouts/application.html.erb
  Rendering articles/index.html.erb within layouts/application
  [1m[36mArticle Load (0.8ms)[0m  [1m[34mSELECT "articles".* FROM "articles"[0m
  ↳ app/views/articles/index.html.erb:11
  Rendered articles/index.html.erb within layouts/application (Duration: 5.8ms | Allocations: 586)
[Webpacker] Everything's up-to-date. Nothing to do
  Rendered layout layouts/application.html.erb (Duration: 17.0ms | Allocations: 3575)
Completed 200 OK in 20ms (Views: 17.5ms | ActiveRecord: 0.8ms | Allocations: 4016)


Started GET "/articles/new" for ::1 at 2022-04-20 16:59:13 -0500
Processing by ArticlesController#new as HTML
  Rendering layout layouts/application.html.erb
  Rendering articles/new.html.erb within layouts/application
  Rendered articles/new.html.erb within layouts/application (Duration: 2.5ms | Allocations: 432)
[Webpacker] Everything's up-to-date. Nothing to do
  Rendered layout layouts/application.html.erb (Duration: 12.6ms | Allocations: 3431)
Completed 200 OK in 15ms (Views: 13.9ms | ActiveRecord: 0.0ms | Allocations: 3858)


Started POST "/articles" for ::1 at 2022-04-20 16:59:28 -0500
Processing by ArticlesController#create as HTML
  Parameters: {"authenticity_token"=>"[FILTERED]", "article"=>{"title"=>"KLX", "text"=>"300 cubic centimeters"}, "commit"=>"Save Article"}
  [1m[36mTRANSACTION (0.5ms)[0m  [1m[35mBEGIN[0m
  ↳ app/controllers/articles_controller.rb:19:in `create'
  [1m[36mArticle Create (0.6ms)[0m  [1m[32mINSERT INTO "articles" ("title", "text", "created_at", "updated_at") VALUES ($1, $2, $3, $4) RETURNING "id"[0m  [["title", "KLX"], ["text", "300 cubic centimeters"], ["created_at", "2022-04-20 21:59:28.936589"], ["updated_at", "2022-04-20 21:59:28.936589"]]
  ↳ app/controllers/articles_controller.rb:19:in `create'
  [1m[36mTRANSACTION (2.3ms)[0m  [1m[35mCOMMIT[0m
  ↳ app/controllers/articles_controller.rb:19:in `create'
Redirected to http://localhost:3000/articles/4
Completed 302 Found in 11ms (ActiveRecord: 3.4ms | Allocations: 2044)


Started GET "/articles/4" for ::1 at 2022-04-20 16:59:28 -0500
Processing by ArticlesController#show as HTML
  Parameters: {"id"=>"4"}
  [1m[36mArticle Load (0.6ms)[0m  [1m[34mSELECT "articles".* FROM "articles" WHERE "articles"."id" = $1 LIMIT $2[0m  [["id", 4], ["LIMIT", 1]]
  ↳ app/controllers/articles_controller.rb:8:in `show'
  Rendering layout layouts/application.html.erb
  Rendering articles/show.html.erb within layouts/application
  Rendered articles/show.html.erb within layouts/application (Duration: 0.1ms | Allocations: 8)
[Webpacker] Everything's up-to-date. Nothing to do
  Rendered layout layouts/application.html.erb (Duration: 4.5ms | Allocations: 3009)
Completed 200 OK in 9ms (Views: 5.2ms | ActiveRecord: 0.6ms | Allocations: 3876)


Started GET "/articles/" for ::1 at 2022-04-20 16:59:33 -0500
Processing by ArticlesController#index as HTML
  Rendering layout layouts/application.html.erb
  Rendering articles/index.html.erb within layouts/application
  [1m[36mArticle Load (1.0ms)[0m  [1m[34mSELECT "articles".* FROM "articles"[0m
  ↳ app/views/articles/index.html.erb:11
  Rendered articles/index.html.erb within layouts/application (Duration: 6.6ms | Allocations: 621)
[Webpacker] Everything's up-to-date. Nothing to do
  Rendered layout layouts/application.html.erb (Duration: 12.3ms | Allocations: 3610)
Completed 200 OK in 15ms (Views: 12.4ms | ActiveRecord: 1.0ms | Allocations: 4049)


Started GET "/articles/" for ::1 at 2022-04-20 17:13:19 -0500
  [1m[35m (0.6ms)[0m  [1m[34mSELECT "schema_migrations"."version" FROM "schema_migrations" ORDER BY "schema_migrations"."version" ASC[0m
Processing by ArticlesController#index as HTML
  Rendering layout layouts/application.html.erb
  Rendering articles/index.html.erb within layouts/application
  [1m[36mArticle Load (0.7ms)[0m  [1m[34mSELECT "articles".* FROM "articles"[0m
  ↳ app/views/articles/index.html.erb:11
  Rendered articles/index.html.erb within layouts/application (Duration: 13.7ms | Allocations: 3851)
[Webpacker] Everything's up-to-date. Nothing to do
  Rendered layout layouts/application.html.erb (Duration: 29.3ms | Allocations: 12766)
Completed 200 OK in 38ms (Views: 26.5ms | ActiveRecord: 4.8ms | Allocations: 15627)


Started GET "/articles/2" for ::1 at 2022-04-20 17:13:21 -0500
Processing by ArticlesController#show as HTML
  Parameters: {"id"=>"2"}
  [1m[36mArticle Load (0.3ms)[0m  [1m[34mSELECT "articles".* FROM "articles" WHERE "articles"."id" = $1 LIMIT $2[0m  [["id", 2], ["LIMIT", 1]]
  ↳ app/controllers/articles_controller.rb:8:in `show'
  Rendering layout layouts/application.html.erb
  Rendering articles/show.html.erb within layouts/application
  Rendered articles/show.html.erb within layouts/application (Duration: 0.9ms | Allocations: 163)
[Webpacker] Everything's up-to-date. Nothing to do
  Rendered layout layouts/application.html.erb (Duration: 10.2ms | Allocations: 3157)
Completed 200 OK in 19ms (Views: 11.1ms | ActiveRecord: 0.6ms | Allocations: 4580)


Started GET "/articles" for ::1 at 2022-04-20 17:13:22 -0500
Processing by ArticlesController#index as HTML
  Rendering layout layouts/application.html.erb
  Rendering articles/index.html.erb within layouts/application
  [1m[36mArticle Load (0.5ms)[0m  [1m[34mSELECT "articles".* FROM "articles"[0m
  ↳ app/views/articles/index.html.erb:11
  Rendered articles/index.html.erb within layouts/application (Duration: 4.2ms | Allocations: 632)
[Webpacker] Everything's up-to-date. Nothing to do
  Rendered layout layouts/application.html.erb (Duration: 15.9ms | Allocations: 3623)
Completed 200 OK in 19ms (Views: 16.7ms | ActiveRecord: 0.5ms | Allocations: 4084)


Started GET "/articles/4" for ::1 at 2022-04-20 17:13:24 -0500
Processing by ArticlesController#show as HTML
  Parameters: {"id"=>"4"}
  [1m[36mArticle Load (0.8ms)[0m  [1m[34mSELECT "articles".* FROM "articles" WHERE "articles"."id" = $1 LIMIT $2[0m  [["id", 4], ["LIMIT", 1]]
  ↳ app/controllers/articles_controller.rb:8:in `show'
  Rendering layout layouts/application.html.erb
  Rendering articles/show.html.erb within layouts/application
  Rendered articles/show.html.erb within layouts/application (Duration: 0.3ms | Allocations: 35)
[Webpacker] Everything's up-to-date. Nothing to do
  Rendered layout layouts/application.html.erb (Duration: 11.1ms | Allocations: 3026)
Completed 200 OK in 19ms (Views: 12.6ms | ActiveRecord: 0.8ms | Allocations: 3939)


Started GET "/articles" for ::1 at 2022-04-20 17:13:25 -0500
Processing by ArticlesController#index as HTML
  Rendering layout layouts/application.html.erb
  Rendering articles/index.html.erb within layouts/application
  [1m[36mArticle Load (0.7ms)[0m  [1m[34mSELECT "articles".* FROM "articles"[0m
  ↳ app/views/articles/index.html.erb:11
  Rendered articles/index.html.erb within layouts/application (Duration: 3.7ms | Allocations: 630)
[Webpacker] Everything's up-to-date. Nothing to do
  Rendered layout layouts/application.html.erb (Duration: 7.8ms | Allocations: 3621)
Completed 200 OK in 9ms (Views: 7.8ms | ActiveRecord: 0.7ms | Allocations: 4063)


Started GET "/articles/2" for ::1 at 2022-04-20 17:13:26 -0500
Processing by ArticlesController#show as HTML
  Parameters: {"id"=>"2"}
  [1m[36mArticle Load (1.1ms)[0m  [1m[34mSELECT "articles".* FROM "articles" WHERE "articles"."id" = $1 LIMIT $2[0m  [["id", 2], ["LIMIT", 1]]
  ↳ app/controllers/articles_controller.rb:8:in `show'
  Rendering layout layouts/application.html.erb
  Rendering articles/show.html.erb within layouts/application
  Rendered articles/show.html.erb within layouts/application (Duration: 0.8ms | Allocations: 36)
[Webpacker] Everything's up-to-date. Nothing to do
  Rendered layout layouts/application.html.erb (Duration: 8.9ms | Allocations: 3025)
Completed 200 OK in 14ms (Views: 9.8ms | ActiveRecord: 1.1ms | Allocations: 3891)


Started GET "/articles" for ::1 at 2022-04-20 17:13:28 -0500
Processing by ArticlesController#index as HTML
  Rendering layout layouts/application.html.erb
  Rendering articles/index.html.erb within layouts/application
  [1m[36mArticle Load (0.5ms)[0m  [1m[34mSELECT "articles".* FROM "articles"[0m
  ↳ app/views/articles/index.html.erb:11
  Rendered articles/index.html.erb within layouts/application (Duration: 3.1ms | Allocations: 621)
[Webpacker] Everything's up-to-date. Nothing to do
  Rendered layout layouts/application.html.erb (Duration: 9.5ms | Allocations: 3610)
Completed 200 OK in 12ms (Views: 10.5ms | ActiveRecord: 0.5ms | Allocations: 4053)


Started GET "/articles/new" for ::1 at 2022-04-20 17:13:28 -0500
Processing by ArticlesController#new as HTML
  Rendering layout layouts/application.html.erb
  Rendering articles/new.html.erb within layouts/application
  Rendered articles/new.html.erb within layouts/application (Duration: 7.1ms | Allocations: 2242)
[Webpacker] Everything's up-to-date. Nothing to do
  Rendered layout layouts/application.html.erb (Duration: 16.5ms | Allocations: 5231)
Completed 200 OK in 18ms (Views: 17.3ms | ActiveRecord: 0.0ms | Allocations: 5790)


Started POST "/articles" for ::1 at 2022-04-20 17:13:56 -0500
Processing by ArticlesController#create as HTML
  Parameters: {"authenticity_token"=>"[FILTERED]", "article"=>{"title"=>"Argentina", "text"=>"South America"}, "commit"=>"Save Article"}
  [1m[36mTRANSACTION (0.7ms)[0m  [1m[35mBEGIN[0m
  ↳ app/controllers/articles_controller.rb:19:in `create'
  [1m[36mArticle Create (0.9ms)[0m  [1m[32mINSERT INTO "articles" ("title", "text", "created_at", "updated_at") VALUES ($1, $2, $3, $4) RETURNING "id"[0m  [["title", "Argentina"], ["text", "South America"], ["created_at", "2022-04-20 22:13:56.808825"], ["updated_at", "2022-04-20 22:13:56.808825"]]
  ↳ app/controllers/articles_controller.rb:19:in `create'
  [1m[36mTRANSACTION (2.1ms)[0m  [1m[35mCOMMIT[0m
  ↳ app/controllers/articles_controller.rb:19:in `create'
Redirected to http://localhost:3000/articles/5
Completed 302 Found in 14ms (ActiveRecord: 3.7ms | Allocations: 2311)


Started GET "/articles/5" for ::1 at 2022-04-20 17:13:56 -0500
Processing by ArticlesController#show as HTML
  Parameters: {"id"=>"5"}
  [1m[36mArticle Load (0.7ms)[0m  [1m[34mSELECT "articles".* FROM "articles" WHERE "articles"."id" = $1 LIMIT $2[0m  [["id", 5], ["LIMIT", 1]]
  ↳ app/controllers/articles_controller.rb:8:in `show'
  Rendering layout layouts/application.html.erb
  Rendering articles/show.html.erb within layouts/application
  Rendered articles/show.html.erb within layouts/application (Duration: 0.3ms | Allocations: 35)
[Webpacker] Everything's up-to-date. Nothing to do
  Rendered layout layouts/application.html.erb (Duration: 4.4ms | Allocations: 3024)
Completed 200 OK in 9ms (Views: 5.2ms | ActiveRecord: 0.7ms | Allocations: 3889)


Started GET "/articles" for ::1 at 2022-04-20 17:13:58 -0500
Processing by ArticlesController#index as HTML
  Rendering layout layouts/application.html.erb
  Rendering articles/index.html.erb within layouts/application
  [1m[36mArticle Load (0.8ms)[0m  [1m[34mSELECT "articles".* FROM "articles"[0m
  ↳ app/views/articles/index.html.erb:11
  Rendered articles/index.html.erb within layouts/application (Duration: 5.0ms | Allocations: 659)
[Webpacker] Everything's up-to-date. Nothing to do
  Rendered layout layouts/application.html.erb (Duration: 16.3ms | Allocations: 3648)
Completed 200 OK in 18ms (Views: 16.2ms | ActiveRecord: 0.8ms | Allocations: 4085)


Started GET "/articles/new" for ::1 at 2022-04-20 17:48:23 -0500
Processing by ArticlesController#new as HTML
  Rendering layout layouts/application.html.erb
  Rendering articles/new.html.erb within layouts/application
  Rendered articles/new.html.erb within layouts/application (Duration: 2.4ms | Allocations: 456)
[Webpacker] Everything's up-to-date. Nothing to do
  Rendered layout layouts/application.html.erb (Duration: 19.0ms | Allocations: 3424)
Completed 200 OK in 21ms (Views: 20.2ms | Allocations: 3975)


Started POST "/articles" for ::1 at 2022-04-20 17:48:26 -0500
Processing by ArticlesController#create as HTML
  Parameters: {"authenticity_token"=>"[FILTERED]", "article"=>{"title"=>"", "text"=>""}, "commit"=>"Save Article"}
  Rendering layout layouts/application.html.erb
  Rendering articles/new.html.erb within layouts/application
  Rendered articles/new.html.erb within layouts/application (Duration: 5.1ms | Allocations: 2100)
[Webpacker] Everything's up-to-date. Nothing to do
  Rendered layout layouts/application.html.erb (Duration: 10.2ms | Allocations: 5022)
Completed 200 OK in 36ms (Views: 10.8ms | ActiveRecord: 8.9ms | Allocations: 10338)


Started GET "/articles" for ::1 at 2022-04-20 17:55:04 -0500
Processing by ArticlesController#index as HTML
  Rendering layout layouts/application.html.erb
  Rendering articles/index.html.erb within layouts/application
  [1m[36mArticle Load (0.7ms)[0m  [1m[34mSELECT "articles".* FROM "articles"[0m
  ↳ app/views/articles/index.html.erb:11
  Rendered articles/index.html.erb within layouts/application (Duration: 17.9ms | Allocations: 2846)
[Webpacker] Everything's up-to-date. Nothing to do
  Rendered layout layouts/application.html.erb (Duration: 22.8ms | Allocations: 6008)
Completed 200 OK in 29ms (Views: 25.4ms | ActiveRecord: 7.0ms | Allocations: 7181)


Started GET "/articles/new" for ::1 at 2022-04-20 17:55:05 -0500
Processing by ArticlesController#new as HTML
  Rendering layout layouts/application.html.erb
  Rendering articles/new.html.erb within layouts/application
  Rendered articles/new.html.erb within layouts/application (Duration: 13.6ms | Allocations: 3776)
  Rendered layout layouts/application.html.erb (Duration: 14.4ms | Allocations: 3840)
Completed 500 Internal Server Error in 17ms (ActiveRecord: 0.0ms | Allocations: 4379)


  
ActionView::Template::Error (undefined method `errors' for nil:NilClass):
    1: <h1>New Article</h1>
    2: <%= form_for :article, url: articles_path do |f| %>
    3: 
    4:   <% if @article.errors.any? %>
    5:     <div id="error_explanation">
    6:       <h2>
    7:         <%= pluralize(@article.errors.count, "error") %>
  
app/views/articles/new.html.erb:4
app/views/articles/new.html.erb:2
Started GET "/articles/new" for ::1 at 2022-04-20 17:57:18 -0500
Processing by ArticlesController#new as HTML
Completed 400 Bad Request in 4ms (ActiveRecord: 0.0ms | Allocations: 917)


  
ActionController::ParameterMissing (param is missing or the value is empty: article
Did you mean?  controller
               action):
  
app/controllers/articles_controller.rb:28:in `article_params'
app/controllers/articles_controller.rb:12:in `new'
Started GET "/articles/new" for ::1 at 2022-04-20 17:57:47 -0500
Processing by ArticlesController#new as HTML
Completed 400 Bad Request in 5ms (ActiveRecord: 0.0ms | Allocations: 639)


  
ActionController::ParameterMissing (param is missing or the value is empty: article
Did you mean?  controller
               action):
  
app/controllers/articles_controller.rb:28:in `article_params'
app/controllers/articles_controller.rb:12:in `new'
Started GET "/articles/new" for ::1 at 2022-04-20 17:58:04 -0500
Processing by ArticlesController#new as HTML
  Rendering layout layouts/application.html.erb
  Rendering articles/new.html.erb within layouts/application
  Rendered articles/new.html.erb within layouts/application (Duration: 4.0ms | Allocations: 713)
[Webpacker] Everything's up-to-date. Nothing to do
  Rendered layout layouts/application.html.erb (Duration: 16.4ms | Allocations: 3689)
Completed 200 OK in 37ms (Views: 17.6ms | ActiveRecord: 13.4ms | Allocations: 6803)


Started POST "/articles" for ::1 at 2022-04-20 17:58:06 -0500
Processing by ArticlesController#create as HTML
  Parameters: {"authenticity_token"=>"[FILTERED]", "article"=>{"title"=>"", "text"=>""}, "commit"=>"Save Article"}
  Rendering layout layouts/application.html.erb
  Rendering articles/new.html.erb within layouts/application
  Rendered articles/new.html.erb within layouts/application (Duration: 5.3ms | Allocations: 2731)
[Webpacker] Everything's up-to-date. Nothing to do
  Rendered layout layouts/application.html.erb (Duration: 10.9ms | Allocations: 5648)
Completed 200 OK in 17ms (Views: 12.3ms | ActiveRecord: 0.0ms | Allocations: 6712)


